============================= test session starts =============================
platform win32 -- Python 3.6.3, pytest-3.2.5, py-1.5.2, pluggy-0.4.0
rootdir: d:\nupic\src\python\python3, inifile:
collected 260 items

anomaly_likelihood_jeff_test.py ...ss..
anomaly_likelihood_test.py .....................
anomaly_test.py ..............
backtracking_tm_constant_test.py ..F
backtracking_tm_cpp2_test.py F
backtracking_tm_test.py FFF.sss
connections_test.py ........s
inhibition_object_test.py s
knn_classifier_test.py FFFF.FFF.sF.s
sdr_classifier_test.py ...F....................ss.
sp_learn_inference_test.py s
sp_overlap_test.py FsFs
spatial_pooler_boost_test.py FF
spatial_pooler_compatability_test.py FFFssFFFF
spatial_pooler_compute_test.py FF
spatial_pooler_cpp_api_test.py FFFFFFFFFFFFFFFFFFFFFFFFFFFF
spatial_pooler_cpp_unit_test.py FFFF
spatial_pooler_py_api_test.py FFFFFFFFFFFFFFFFFFFFFFFFFFFF
spatial_pooler_unit_test.py sFFFFFFFFFFFFFFFFFFFFFFFFFFFFFFsFFFF
temporal_memory_test.py ...............................s....ss.
monitor_mixin\metric_test.py ..
monitor_mixin\trace_test.py ..

================================== FAILURES ===================================
________________________ TMConstantTest.testPyTmBasic _________________________

self = <tests.unit.nupic.algorithms.backtracking_tm_constant_test.TMConstantTest testMethod=testPyTmBasic>

    def testPyTmBasic(self):
>     self._basicTest(self.pyTm)

backtracking_tm_constant_test.py:160: 
_ _ _ _ _ _ _ _ _ _ _ _ _ _ _ _ _ _ _ _ _ _ _ _ _ _ _ _ _ _ _ _ _ _ _ _ _ _ _ _
backtracking_tm_constant_test.py:124: in _basicTest
    tm.learn(seq)
..\..\..\..\nupic\algorithms\backtracking_tm.py:2688: in learn
    enableInference=enableInference)
..\..\..\..\nupic\algorithms\backtracking_tm.py:2609: in compute
    self._updateLearningState(activeColumns)
..\..\..\..\nupic\algorithms\backtracking_tm.py:2539: in _updateLearningState
    self._learnPhase2()
..\..\..\..\nupic\algorithms\backtracking_tm.py:2407: in _learnPhase2
    c, self.lrnActiveState['t'], minThreshold = self.activationThreshold)
..\..\..\..\nupic\algorithms\backtracking_tm.py:3027: in _getBestMatchingCell
    activity = self._getSegmentActivityLevel(s, activeState)
_ _ _ _ _ _ _ _ _ _ _ _ _ _ _ _ _ _ _ _ _ _ _ _ _ _ _ _ _ _ _ _ _ _ _ _ _ _ _ _

self = <nupic.algorithms.backtracking_tm.BacktrackingTM object at 0x000001B3963D9748>
seg = <nupic.algorithms.backtracking_tm.Segment object at 0x000001B3963D9390>
activeState = array([[1],
       [1],
       [1],
       [1],
       [1],
       [1],
       [1],
       [1],
       [1],
       [1]...      [0],
       [0],
       [0],
       [0],
       [0],
       [0],
       [0],
       [0],
       [0]], dtype=int8)
connectedSynapsesOnly = False

    def _getSegmentActivityLevel(self, seg, activeState,
                                 connectedSynapsesOnly=False):
      """
        This routine computes the activity level of a segment given activeState.
        It can tally up only connected synapses (permanence >= connectedPerm), or
        all the synapses of the segment, at either t or t-1.
    
        :param seg TODO: document
        :param activeState TODO: document
        :param connectedSynapsesOnly TODO: document
        """
      # Computing in C - *much* faster
      return getSegmentActivityLevel(seg.syns, activeState, connectedSynapsesOnly,
>                                    self.connectedPerm)
E     TypeError: getSegmentActivityLevel(): incompatible function arguments. The following argument types are supported:
E         1. (arg0: List[nupic::algorithms::Cells4::Segment], arg1: numpy.ndarray[int8], arg2: bool, arg3: float) -> int
E     
E     Invoked with: [[0, 0, 0.30000001], [2, 0, 0.30000001], [3, 0, 0.30000001], [4, 0, 0.30000001], [5, 0, 0.30000001], [7, 0, 0.30000001], [8, 0, 0.30000001]], array([[1],
E            [1],
E            [1],
E            [1],
E            [1],
E            [1],
E            [1],
E            [1],
E            [1],
E            [1],
E            [0],
E            [0],
E            [0],
E            [0],
E            [0],
E            [0],
E            [0],
E            [0],
E            [0],
E            [0],
E            [0],
E            [0],
E            [0],
E            [0],
E            [0],
E            [0],
E            [0],
E            [0],
E            [0],
E            [0],
E            [0],
E            [0],
E            [0],
E            [0],
E            [0],
E            [0],
E            [0],
E            [0],
E            [0],
E            [0],
E            [0],
E            [0],
E            [0],
E            [0],
E            [0],
E            [0],
E            [0],
E            [0],
E            [0],
E            [0],
E            [0],
E            [0],
E            [0],
E            [0],
E            [0],
E            [0],
E            [0],
E            [0],
E            [0],
E            [0],
E            [0],
E            [0],
E            [0],
E            [0],
E            [0],
E            [0],
E            [0],
E            [0],
E            [0],
E            [0],
E            [0],
E            [0],
E            [0],
E            [0],
E            [0],
E            [0],
E            [0],
E            [0],
E            [0],
E            [0],
E            [0],
E            [0],
E            [0],
E            [0],
E            [0],
E            [0],
E            [0],
E            [0],
E            [0],
E            [0],
E            [0],
E            [0],
E            [0],
E            [0],
E            [0],
E            [0],
E            [0],
E            [0],
E            [0],
E            [0]], dtype=int8), False, 0.5

..\..\..\..\nupic\algorithms\backtracking_tm.py:3000: TypeError
---------------------------- Captured stdout call -----------------------------
TM: learn: True
TM: active outputs(0): NONE
_______________________ BacktrackingTMCPP2Test.testTMs ________________________

self = <tests.unit.nupic.algorithms.backtracking_tm_cpp2_test.BacktrackingTMCPP2Test testMethod=testTMs>
short = True

    def testTMs(self, short=True):
      """Call basicTest2 with multiple parameter settings and ensure the C++ and
        PY versions are identical throughout."""
    
      if short == True:
        print("Testing short version")
      else:
        print("Testing long version")
    
      if short:
        print("\nTesting with fixed resource CLA - test max segment and synapses")
        tm = BacktrackingTMCPP(numberOfCols=30, cellsPerColumn=5,
                               initialPerm=.5, connectedPerm= 0.5,
                               permanenceMax=1,
                               minThreshold=8, newSynapseCount=10,
                               permanenceInc=0.1, permanenceDec=0.01,
                               globalDecay=.0, activationThreshold=8,
                               doPooling=False, segUpdateValidDuration=5,
                               seed=SEED, verbosity=VERBOSITY,
                               maxAge=0,
                               maxSegmentsPerCell=2, maxSynapsesPerSegment=10,
                               checkSynapseConsistency=True)
        tm.cells4.setCellSegmentOrder(True)
>       self.basicTest2(tm, numPatterns=15, numRepetitions=1)

backtracking_tm_cpp2_test.py:271: 
_ _ _ _ _ _ _ _ _ _ _ _ _ _ _ _ _ _ _ _ _ _ _ _ _ _ _ _ _ _ _ _ _ _ _ _ _ _ _ _
backtracking_tm_cpp2_test.py:182: in basicTest2
    self.assertTrue(fdrutils.tmDiff2(tm, tmPy, verbosity, False))
E   AssertionError: False is not true
---------------------------- Captured stdout call -----------------------------
Testing short version

Testing with fixed resource CLA - test max segment and synapses
lrnActiveState[t] diverged (array([ 0,  0,  0,  1,  3,  3,  4,  4,  4,  5,  5,  6,  6,  7,  7,  8,  8,
        8,  8,  8,  9,  9,  9, 10, 10, 10, 10, 13, 13, 13, 14, 15, 15, 16,
       16, 16, 16, 16, 17, 17, 17, 17, 18, 18, 18, 18, 20, 21, 21, 22, 23,
       23, 23, 24, 24, 24, 24, 24, 25, 25, 25, 26, 26, 26, 26, 27, 28, 29,
       29], dtype=int64), array([1, 2, 3, 3, 0, 1, 0, 1, 2, 0, 3, 0, 3, 3, 4, 0, 1, 2, 3, 4, 1, 3, 4,
       0, 1, 2, 3, 0, 1, 2, 4, 3, 4, 0, 1, 2, 3, 4, 0, 1, 3, 4, 0, 1, 2, 3,
       0, 1, 2, 4, 0, 3, 4, 0, 1, 2, 3, 4, 1, 3, 4, 0, 1, 2, 3, 0, 0, 1, 2], dtype=int64))
lrnPredictedState[t] diverged (array([ 7,  7, 15, 15, 16, 16, 16, 16, 16, 17, 17, 17, 18, 18, 18, 18, 21,
       21, 22, 23, 23, 24, 24, 24, 24, 24, 25, 25, 25, 26, 26, 26, 26, 29,
       29], dtype=int64), array([3, 4, 3, 4, 0, 1, 2, 3, 4, 1, 3, 4, 0, 1, 2, 3, 1, 2, 4, 3, 4, 0, 1,
       2, 3, 4, 1, 3, 4, 0, 1, 2, 3, 1, 2], dtype=int64))
__________________ BacktrackingTMTest.testCheckpointLearned ___________________

self = <tests.unit.nupic.algorithms.backtracking_tm_test.BacktrackingTMTest testMethod=testCheckpointLearned>

    def testCheckpointLearned(self):
      # Create a model and give it some inputs to learn.
      tm1 = BacktrackingTM(numberOfCols=100, cellsPerColumn=12,
                           verbosity=VERBOSITY)
      sequences = [self.generateSequence() for _ in range(5)]
      train = list(itertools.chain.from_iterable(sequences[:3]))
      for bottomUpInput in train:
        if bottomUpInput is None:
          tm1.reset()
        else:
>         tm1.compute(bottomUpInput, True, True)

backtracking_tm_test.py:223: 
_ _ _ _ _ _ _ _ _ _ _ _ _ _ _ _ _ _ _ _ _ _ _ _ _ _ _ _ _ _ _ _ _ _ _ _ _ _ _ _
..\..\..\..\nupic\algorithms\backtracking_tm.py:2609: in compute
    self._updateLearningState(activeColumns)
..\..\..\..\nupic\algorithms\backtracking_tm.py:2539: in _updateLearningState
    self._learnPhase2()
..\..\..\..\nupic\algorithms\backtracking_tm.py:2407: in _learnPhase2
    c, self.lrnActiveState['t'], minThreshold = self.activationThreshold)
..\..\..\..\nupic\algorithms\backtracking_tm.py:3027: in _getBestMatchingCell
    activity = self._getSegmentActivityLevel(s, activeState)
_ _ _ _ _ _ _ _ _ _ _ _ _ _ _ _ _ _ _ _ _ _ _ _ _ _ _ _ _ _ _ _ _ _ _ _ _ _ _ _

self = <nupic.algorithms.backtracking_tm.BacktrackingTM object at 0x000001B39648DE48>
seg = <nupic.algorithms.backtracking_tm.Segment object at 0x000001B39640A7F0>
activeState = array([[0, 0, 0, ..., 0, 0, 0],
       [0, 0, 0, ..., 0, 0, 0],
       [0, 0, 0, ..., 0, 0, 0],
       ..., 
       [1, 0, 0, ..., 0, 0, 0],
       [1, 0, 0, ..., 0, 0, 0],
       [0, 0, 0, ..., 0, 0, 0]], dtype=int8)
connectedSynapsesOnly = False

    def _getSegmentActivityLevel(self, seg, activeState,
                                 connectedSynapsesOnly=False):
      """
        This routine computes the activity level of a segment given activeState.
        It can tally up only connected synapses (permanence >= connectedPerm), or
        all the synapses of the segment, at either t or t-1.
    
        :param seg TODO: document
        :param activeState TODO: document
        :param connectedSynapsesOnly TODO: document
        """
      # Computing in C - *much* faster
      return getSegmentActivityLevel(seg.syns, activeState, connectedSynapsesOnly,
>                                    self.connectedPerm)
E     TypeError: getSegmentActivityLevel(): incompatible function arguments. The following argument types are supported:
E         1. (arg0: List[nupic::algorithms::Cells4::Segment], arg1: numpy.ndarray[int8], arg2: bool, arg3: float) -> int
E     
E     Invoked with: [[2, 0, 0.11], [4, 0, 0.11], [7, 0, 0.11], [9, 0, 0.11], [27, 0, 0.11], [30, 0, 0.11], [31, 0, 0.11], [35, 0, 0.11], [43, 0, 0.11], [62, 0, 0.11], [65, 0, 0.11], [70, 0, 0.11], [75, 0, 0.11], [80, 0, 0.11], [90, 0, 0.11]], array([[0, 0, 0, ..., 0, 0, 0],
E            [0, 0, 0, ..., 0, 0, 0],
E            [0, 0, 0, ..., 0, 0, 0],
E            ..., 
E            [1, 0, 0, ..., 0, 0, 0],
E            [1, 0, 0, ..., 0, 0, 0],
E            [0, 0, 0, ..., 0, 0, 0]], dtype=int8), False, 0.5

..\..\..\..\nupic\algorithms\backtracking_tm.py:3000: TypeError
______________ BacktrackingTMTest.testCheckpointMiddleOfSequence ______________

self = <tests.unit.nupic.algorithms.backtracking_tm_test.BacktrackingTMTest testMethod=testCheckpointMiddleOfSequence>

    def testCheckpointMiddleOfSequence(self):
      # Create a model and give it some inputs to learn.
      tm1 = BacktrackingTM(numberOfCols=100, cellsPerColumn=12,
                           verbosity=VERBOSITY)
      sequences = [self.generateSequence() for _ in range(5)]
      train = list(itertools.chain.from_iterable(sequences[:3] +
                                                 [sequences[3][:5]]))
      for bottomUpInput in train:
        if bottomUpInput is None:
          tm1.reset()
        else:
>         tm1.compute(bottomUpInput, True, True)

backtracking_tm_test.py:259: 
_ _ _ _ _ _ _ _ _ _ _ _ _ _ _ _ _ _ _ _ _ _ _ _ _ _ _ _ _ _ _ _ _ _ _ _ _ _ _ _
..\..\..\..\nupic\algorithms\backtracking_tm.py:2609: in compute
    self._updateLearningState(activeColumns)
..\..\..\..\nupic\algorithms\backtracking_tm.py:2539: in _updateLearningState
    self._learnPhase2()
..\..\..\..\nupic\algorithms\backtracking_tm.py:2407: in _learnPhase2
    c, self.lrnActiveState['t'], minThreshold = self.activationThreshold)
..\..\..\..\nupic\algorithms\backtracking_tm.py:3027: in _getBestMatchingCell
    activity = self._getSegmentActivityLevel(s, activeState)
_ _ _ _ _ _ _ _ _ _ _ _ _ _ _ _ _ _ _ _ _ _ _ _ _ _ _ _ _ _ _ _ _ _ _ _ _ _ _ _

self = <nupic.algorithms.backtracking_tm.BacktrackingTM object at 0x000001B3963D7518>
seg = <nupic.algorithms.backtracking_tm.Segment object at 0x000001B3963BF7F0>
activeState = array([[0, 0, 0, ..., 0, 0, 0],
       [0, 0, 0, ..., 0, 0, 0],
       [0, 0, 0, ..., 0, 0, 0],
       ..., 
       [0, 0, 0, ..., 0, 0, 0],
       [0, 0, 0, ..., 0, 0, 0],
       [0, 0, 0, ..., 0, 0, 0]], dtype=int8)
connectedSynapsesOnly = False

    def _getSegmentActivityLevel(self, seg, activeState,
                                 connectedSynapsesOnly=False):
      """
        This routine computes the activity level of a segment given activeState.
        It can tally up only connected synapses (permanence >= connectedPerm), or
        all the synapses of the segment, at either t or t-1.
    
        :param seg TODO: document
        :param activeState TODO: document
        :param connectedSynapsesOnly TODO: document
        """
      # Computing in C - *much* faster
      return getSegmentActivityLevel(seg.syns, activeState, connectedSynapsesOnly,
>                                    self.connectedPerm)
E     TypeError: getSegmentActivityLevel(): incompatible function arguments. The following argument types are supported:
E         1. (arg0: List[nupic::algorithms::Cells4::Segment], arg1: numpy.ndarray[int8], arg2: bool, arg3: float) -> int
E     
E     Invoked with: [[9, 0, 0.11], [10, 0, 0.11], [38, 0, 0.11], [51, 0, 0.11], [54, 0, 0.11], [56, 0, 0.11], [57, 0, 0.11], [58, 0, 0.11], [61, 0, 0.11], [62, 0, 0.11], [64, 0, 0.11], [78, 0, 0.11], [82, 0, 0.11], [84, 0, 0.11], [99, 0, 0.11]], array([[0, 0, 0, ..., 0, 0, 0],
E            [0, 0, 0, ..., 0, 0, 0],
E            [0, 0, 0, ..., 0, 0, 0],
E            ..., 
E            [0, 0, 0, ..., 0, 0, 0],
E            [0, 0, 0, ..., 0, 0, 0],
E            [0, 0, 0, ..., 0, 0, 0]], dtype=int8), False, 0.5

..\..\..\..\nupic\algorithms\backtracking_tm.py:3000: TypeError
_____________ BacktrackingTMTest.testCheckpointMiddleOfSequence2 ______________

self = <tests.unit.nupic.algorithms.backtracking_tm_test.BacktrackingTMTest testMethod=testCheckpointMiddleOfSequence2>

    def testCheckpointMiddleOfSequence2(self):
      """More complex test of checkpointing in the middle of a sequence."""
      tm1 = BacktrackingTM(2048, 32, 0.21, 0.5, 11, 20, 0.1, 0.1, 1.0, 0.0, 14,
                           False, 5, 2, False, 1960, 0, False, 3, 10, 5, 0, 32,
                           128, 32, 'normal')
      tm2 = BacktrackingTM(2048, 32, 0.21, 0.5, 11, 20, 0.1, 0.1, 1.0, 0.0, 14,
                           False, 5, 2, False, 1960, 0, False, 3, 10, 5, 0, 32,
                           128, 32, 'normal')
    
>     with open(resource_filename(__name__, 'data/tm_input.csv'), 'r') as fin:
E     FileNotFoundError: [Errno 2] No such file or directory: 'd:\\nupic\\src\\python\\python3\\tests\\unit\\nupic\\algorithms\\data\\tm_input.csv'

backtracking_tm_test.py:294: FileNotFoundError
____________________ KNNClassifierTest.testDistanceMetrics ____________________

self = <tests.unit.nupic.algorithms.knn_classifier_test.KNNClassifierTest testMethod=testDistanceMetrics>

    def testDistanceMetrics(self):
      classifier = KNNClassifier(distanceMethod="norm", distanceNorm=2.0)
    
      dimensionality = 40
      protoA = np.array([0, 1, 3, 7, 11], dtype=np.int32)
      protoB = np.array([20, 28, 30], dtype=np.int32)
    
>     classifier.learn(protoA, 0, isSparse=dimensionality)

knn_classifier_test.py:81: 
_ _ _ _ _ _ _ _ _ _ _ _ _ _ _ _ _ _ _ _ _ _ _ _ _ _ _ _ _ _ _ _ _ _ _ _ _ _ _ _

self = <nupic.algorithms.knn_classifier.KNNClassifier object at 0x000001B396479F98>
inputPattern = array([ 0,  1,  3,  7, 11]), inputCategory = 0
partitionId = None, isSparse = 40, rowID = -1

    def learn(self, inputPattern, inputCategory, partitionId=None, isSparse=0,
              rowID=None):
      """
        Train the classifier to associate specified input pattern with a
        particular category.
    
        :param inputPattern: (list) The pattern to be assigned a category. If
            isSparse is 0, this should be a dense array (both ON and OFF bits
            present). Otherwise, if isSparse > 0, this should be a list of the
            indices of the non-zero bits in sorted order
    
        :param inputCategory: (int) The category to be associated to the training
            pattern
    
        :param partitionId: (int) partitionID allows you to associate an id with each
            input vector. It can be used to associate input patterns stored in the
            classifier with an external id. This can be useful for debugging or
            visualizing. Another use case is to ignore vectors with a specific id
            during inference (see description of infer() for details). There can be
            at most one partitionId per stored pattern (i.e. if two patterns are
            within distThreshold, only the first partitionId will be stored). This
            is an optional parameter.
    
        :param isSparse: (int) If 0, the input pattern is a dense representation. If
            isSparse > 0, the input pattern is a list of non-zero indices and
            isSparse is the length of the dense representation
    
        :param rowID: (int) UNKNOWN
    
        :returns: The number of patterns currently stored in the classifier
        """
      if self.verbosity >= 1:
        print("%s learn:" % g_debugPrefix)
        print("  category:", int(inputCategory))
        print("  active inputs:", _labeledInput(inputPattern,
                                                cellsPerCol=self.cellsPerCol))
    
      if isSparse > 0:
        assert all(inputPattern[i] <= inputPattern[i+1]
                   for i in range(len(inputPattern)-1)), \
                       "Sparse inputPattern must be sorted."
        assert all(bit < isSparse for bit in inputPattern), \
          ("Sparse inputPattern must not index outside the dense "
           "representation's bounds.")
    
      if rowID is None:
        rowID = self._iterationIdx
    
      # Dense vectors
      if not self.useSparseMemory:
    
        # Not supported
        assert self.cellsPerCol == 0, "not implemented for dense vectors"
    
        # If the input was given in sparse form, convert it to dense
        if isSparse > 0:
          denseInput = numpy.zeros(isSparse)
          denseInput[inputPattern] = 1.0
          inputPattern = denseInput
    
        if self._specificIndexTraining and not self._nextTrainingIndices:
          # Specific index mode without any index provided - skip training
          return self._numPatterns
    
        if self._Memory is None:
          # Initialize memory with 100 rows and numPatterns = 0
          inputWidth = len(inputPattern)
          self._Memory = numpy.zeros((100,inputWidth))
          self._numPatterns = 0
          self._M = self._Memory[:self._numPatterns]
    
        addRow = True
    
        if self._vt is not None:
          # Compute projection
          inputPattern = numpy.dot(self._vt, inputPattern - self._mean)
    
        if self.distThreshold > 0:
          # Check if input is too close to an existing input to be accepted
          dist = self._calcDistance(inputPattern)
          minDist = dist.min()
          addRow = (minDist >= self.distThreshold)
    
        if addRow:
          self._protoSizes = None     # need to re-compute
          if self._numPatterns == self._Memory.shape[0]:
            # Double the size of the memory
            self._doubleMemoryNumRows()
    
          if not self._specificIndexTraining:
            # Normal learning - append the new input vector
            self._Memory[self._numPatterns] = inputPattern
            self._numPatterns += 1
            self._categoryList.append(int(inputCategory))
          else:
            # Specific index training mode - insert vector in specified slot
            vectorIndex = self._nextTrainingIndices.pop(0)
            while vectorIndex >= self._Memory.shape[0]:
              self._doubleMemoryNumRows()
            self._Memory[vectorIndex] = inputPattern
            self._numPatterns = max(self._numPatterns, vectorIndex + 1)
            if vectorIndex >= len(self._categoryList):
              self._categoryList += [-1] * (vectorIndex -
                                            len(self._categoryList) + 1)
            self._categoryList[vectorIndex] = int(inputCategory)
    
          # Set _M to the "active" part of _Memory
          self._M = self._Memory[0:self._numPatterns]
    
          self._addPartitionId(self._numPatterns-1, partitionId)
    
      # Sparse vectors
      else:
    
        # If the input was given in sparse form, convert it to dense if necessary
        if isSparse > 0 and (self._vt is not None or self.distThreshold > 0 \
                or self.numSVDDims is not None or self.numSVDSamples is not None \
                or self.numWinners > 0):
            denseInput = numpy.zeros(isSparse)
            denseInput[inputPattern] = 1.0
            inputPattern = denseInput
            isSparse = 0
    
        # Get the input width
        if isSparse > 0:
          inputWidth = isSparse
        else:
          inputWidth = len(inputPattern)
    
        # Allocate storage if this is the first training vector
        if self._Memory is None:
          self._Memory = NearestNeighbor(0, inputWidth)
    
        # Support SVD if it is on
        if self._vt is not None:
          inputPattern = numpy.dot(self._vt, inputPattern - self._mean)
    
        # Threshold the input, zeroing out entries that are too close to 0.
        #  This is only done if we are given a dense input.
        if isSparse == 0:
          thresholdedInput = self._sparsifyVector(inputPattern, True)
        addRow = True
    
        # If given the layout of the cells, then turn on the logic that stores
        # only the start cell for bursting columns.
        if self.cellsPerCol >= 1:
          burstingCols = thresholdedInput.reshape(-1,
                                    self.cellsPerCol).min(axis=1).nonzero()[0]
          for col in burstingCols:
            thresholdedInput[(col * self.cellsPerCol) + 1 :
                             (col * self.cellsPerCol) + self.cellsPerCol] = 0
    
    
        # Don't learn entries that are too close to existing entries.
>       if self._Memory.nRows() > 0:
E       AttributeError: 'nupic.bindings.math.NearestNeighbor' object has no attribute 'nRows'

..\..\..\..\nupic\algorithms\knn_classifier.py:556: AttributeError
____________________ KNNClassifierTest.testGetPartitionId _____________________

self = <tests.unit.nupic.algorithms.knn_classifier_test.KNNClassifierTest testMethod=testGetPartitionId>

    def testGetPartitionId(self):
      """
        Test a sequence of calls to KNN to ensure we can retrieve partition Id:
            - We first learn on some patterns (including one pattern with no
              partitionId in the middle) and test that we can retrieve Ids.
            - We then invoke inference and then check partitionId again.
            - We check incorrect indices to ensure we get an exception.
            - We check the case where the partitionId to be ignored is not in
              the list.
            - We learn on one more pattern and check partitionIds again
            - We remove rows and ensure partitionIds still work
        """
      params = {"distanceMethod": "rawOverlap"}
      classifier = KNNClassifier(**params)
    
      dimensionality = 40
      a = np.array([1, 3, 7, 11, 13, 17, 19, 23, 29], dtype=np.int32)
      b = np.array([2, 4, 8, 12, 14, 18, 20, 28, 30], dtype=np.int32)
      c = np.array([1, 2, 3, 14, 16, 19, 22, 24, 33], dtype=np.int32)
      d = np.array([2, 4, 8, 12, 14, 19, 22, 24, 33], dtype=np.int32)
      e = np.array([1, 3, 7, 12, 14, 19, 22, 24, 33], dtype=np.int32)
    
      denseA = np.zeros(dimensionality)
      denseA[a] = 1.0
    
>     classifier.learn(a, 0, isSparse=dimensionality, partitionId=433)

knn_classifier_test.py:320: 
_ _ _ _ _ _ _ _ _ _ _ _ _ _ _ _ _ _ _ _ _ _ _ _ _ _ _ _ _ _ _ _ _ _ _ _ _ _ _ _

self = <nupic.algorithms.knn_classifier.KNNClassifier object at 0x000001B3963D9A90>
inputPattern = array([ 1,  3,  7, 11, 13, 17, 19, 23, 29]), inputCategory = 0
partitionId = 433, isSparse = 40, rowID = -1

    def learn(self, inputPattern, inputCategory, partitionId=None, isSparse=0,
              rowID=None):
      """
        Train the classifier to associate specified input pattern with a
        particular category.
    
        :param inputPattern: (list) The pattern to be assigned a category. If
            isSparse is 0, this should be a dense array (both ON and OFF bits
            present). Otherwise, if isSparse > 0, this should be a list of the
            indices of the non-zero bits in sorted order
    
        :param inputCategory: (int) The category to be associated to the training
            pattern
    
        :param partitionId: (int) partitionID allows you to associate an id with each
            input vector. It can be used to associate input patterns stored in the
            classifier with an external id. This can be useful for debugging or
            visualizing. Another use case is to ignore vectors with a specific id
            during inference (see description of infer() for details). There can be
            at most one partitionId per stored pattern (i.e. if two patterns are
            within distThreshold, only the first partitionId will be stored). This
            is an optional parameter.
    
        :param isSparse: (int) If 0, the input pattern is a dense representation. If
            isSparse > 0, the input pattern is a list of non-zero indices and
            isSparse is the length of the dense representation
    
        :param rowID: (int) UNKNOWN
    
        :returns: The number of patterns currently stored in the classifier
        """
      if self.verbosity >= 1:
        print("%s learn:" % g_debugPrefix)
        print("  category:", int(inputCategory))
        print("  active inputs:", _labeledInput(inputPattern,
                                                cellsPerCol=self.cellsPerCol))
    
      if isSparse > 0:
        assert all(inputPattern[i] <= inputPattern[i+1]
                   for i in range(len(inputPattern)-1)), \
                       "Sparse inputPattern must be sorted."
        assert all(bit < isSparse for bit in inputPattern), \
          ("Sparse inputPattern must not index outside the dense "
           "representation's bounds.")
    
      if rowID is None:
        rowID = self._iterationIdx
    
      # Dense vectors
      if not self.useSparseMemory:
    
        # Not supported
        assert self.cellsPerCol == 0, "not implemented for dense vectors"
    
        # If the input was given in sparse form, convert it to dense
        if isSparse > 0:
          denseInput = numpy.zeros(isSparse)
          denseInput[inputPattern] = 1.0
          inputPattern = denseInput
    
        if self._specificIndexTraining and not self._nextTrainingIndices:
          # Specific index mode without any index provided - skip training
          return self._numPatterns
    
        if self._Memory is None:
          # Initialize memory with 100 rows and numPatterns = 0
          inputWidth = len(inputPattern)
          self._Memory = numpy.zeros((100,inputWidth))
          self._numPatterns = 0
          self._M = self._Memory[:self._numPatterns]
    
        addRow = True
    
        if self._vt is not None:
          # Compute projection
          inputPattern = numpy.dot(self._vt, inputPattern - self._mean)
    
        if self.distThreshold > 0:
          # Check if input is too close to an existing input to be accepted
          dist = self._calcDistance(inputPattern)
          minDist = dist.min()
          addRow = (minDist >= self.distThreshold)
    
        if addRow:
          self._protoSizes = None     # need to re-compute
          if self._numPatterns == self._Memory.shape[0]:
            # Double the size of the memory
            self._doubleMemoryNumRows()
    
          if not self._specificIndexTraining:
            # Normal learning - append the new input vector
            self._Memory[self._numPatterns] = inputPattern
            self._numPatterns += 1
            self._categoryList.append(int(inputCategory))
          else:
            # Specific index training mode - insert vector in specified slot
            vectorIndex = self._nextTrainingIndices.pop(0)
            while vectorIndex >= self._Memory.shape[0]:
              self._doubleMemoryNumRows()
            self._Memory[vectorIndex] = inputPattern
            self._numPatterns = max(self._numPatterns, vectorIndex + 1)
            if vectorIndex >= len(self._categoryList):
              self._categoryList += [-1] * (vectorIndex -
                                            len(self._categoryList) + 1)
            self._categoryList[vectorIndex] = int(inputCategory)
    
          # Set _M to the "active" part of _Memory
          self._M = self._Memory[0:self._numPatterns]
    
          self._addPartitionId(self._numPatterns-1, partitionId)
    
      # Sparse vectors
      else:
    
        # If the input was given in sparse form, convert it to dense if necessary
        if isSparse > 0 and (self._vt is not None or self.distThreshold > 0 \
                or self.numSVDDims is not None or self.numSVDSamples is not None \
                or self.numWinners > 0):
            denseInput = numpy.zeros(isSparse)
            denseInput[inputPattern] = 1.0
            inputPattern = denseInput
            isSparse = 0
    
        # Get the input width
        if isSparse > 0:
          inputWidth = isSparse
        else:
          inputWidth = len(inputPattern)
    
        # Allocate storage if this is the first training vector
        if self._Memory is None:
          self._Memory = NearestNeighbor(0, inputWidth)
    
        # Support SVD if it is on
        if self._vt is not None:
          inputPattern = numpy.dot(self._vt, inputPattern - self._mean)
    
        # Threshold the input, zeroing out entries that are too close to 0.
        #  This is only done if we are given a dense input.
        if isSparse == 0:
          thresholdedInput = self._sparsifyVector(inputPattern, True)
        addRow = True
    
        # If given the layout of the cells, then turn on the logic that stores
        # only the start cell for bursting columns.
        if self.cellsPerCol >= 1:
          burstingCols = thresholdedInput.reshape(-1,
                                    self.cellsPerCol).min(axis=1).nonzero()[0]
          for col in burstingCols:
            thresholdedInput[(col * self.cellsPerCol) + 1 :
                             (col * self.cellsPerCol) + self.cellsPerCol] = 0
    
    
        # Don't learn entries that are too close to existing entries.
>       if self._Memory.nRows() > 0:
E       AttributeError: 'nupic.bindings.math.NearestNeighbor' object has no attribute 'nRows'

..\..\..\..\nupic\algorithms\knn_classifier.py:556: AttributeError
____________ KNNClassifierTest.testGetPartitionIdWithNoIdsAtFirst _____________

self = <tests.unit.nupic.algorithms.knn_classifier_test.KNNClassifierTest testMethod=testGetPartitionIdWithNoIdsAtFirst>

    def testGetPartitionIdWithNoIdsAtFirst(self):
      """
        Tests that we can correctly retrieve partition Id even if the first few
        vectors do not have Ids
        """
      params = {"distanceMethod": "rawOverlap"}
      classifier = KNNClassifier(**params)
    
      dimensionality = 40
      a = np.array([1, 3, 7, 11, 13, 17, 19, 23, 29], dtype=np.int32)
      b = np.array([2, 4, 8, 12, 14, 18, 20, 28, 30], dtype=np.int32)
      c = np.array([1, 2, 3, 14, 16, 19, 22, 24, 33], dtype=np.int32)
      d = np.array([2, 4, 8, 12, 14, 19, 22, 24, 33], dtype=np.int32)
    
      denseA = np.zeros(dimensionality)
      denseA[a] = 1.0
    
      denseD = np.zeros(dimensionality)
      denseD[d] = 1.0
    
>     classifier.learn(a, 0, isSparse=dimensionality, partitionId=None)

knn_classifier_test.py:405: 
_ _ _ _ _ _ _ _ _ _ _ _ _ _ _ _ _ _ _ _ _ _ _ _ _ _ _ _ _ _ _ _ _ _ _ _ _ _ _ _

self = <nupic.algorithms.knn_classifier.KNNClassifier object at 0x000001B396609A58>
inputPattern = array([ 1,  3,  7, 11, 13, 17, 19, 23, 29]), inputCategory = 0
partitionId = None, isSparse = 40, rowID = -1

    def learn(self, inputPattern, inputCategory, partitionId=None, isSparse=0,
              rowID=None):
      """
        Train the classifier to associate specified input pattern with a
        particular category.
    
        :param inputPattern: (list) The pattern to be assigned a category. If
            isSparse is 0, this should be a dense array (both ON and OFF bits
            present). Otherwise, if isSparse > 0, this should be a list of the
            indices of the non-zero bits in sorted order
    
        :param inputCategory: (int) The category to be associated to the training
            pattern
    
        :param partitionId: (int) partitionID allows you to associate an id with each
            input vector. It can be used to associate input patterns stored in the
            classifier with an external id. This can be useful for debugging or
            visualizing. Another use case is to ignore vectors with a specific id
            during inference (see description of infer() for details). There can be
            at most one partitionId per stored pattern (i.e. if two patterns are
            within distThreshold, only the first partitionId will be stored). This
            is an optional parameter.
    
        :param isSparse: (int) If 0, the input pattern is a dense representation. If
            isSparse > 0, the input pattern is a list of non-zero indices and
            isSparse is the length of the dense representation
    
        :param rowID: (int) UNKNOWN
    
        :returns: The number of patterns currently stored in the classifier
        """
      if self.verbosity >= 1:
        print("%s learn:" % g_debugPrefix)
        print("  category:", int(inputCategory))
        print("  active inputs:", _labeledInput(inputPattern,
                                                cellsPerCol=self.cellsPerCol))
    
      if isSparse > 0:
        assert all(inputPattern[i] <= inputPattern[i+1]
                   for i in range(len(inputPattern)-1)), \
                       "Sparse inputPattern must be sorted."
        assert all(bit < isSparse for bit in inputPattern), \
          ("Sparse inputPattern must not index outside the dense "
           "representation's bounds.")
    
      if rowID is None:
        rowID = self._iterationIdx
    
      # Dense vectors
      if not self.useSparseMemory:
    
        # Not supported
        assert self.cellsPerCol == 0, "not implemented for dense vectors"
    
        # If the input was given in sparse form, convert it to dense
        if isSparse > 0:
          denseInput = numpy.zeros(isSparse)
          denseInput[inputPattern] = 1.0
          inputPattern = denseInput
    
        if self._specificIndexTraining and not self._nextTrainingIndices:
          # Specific index mode without any index provided - skip training
          return self._numPatterns
    
        if self._Memory is None:
          # Initialize memory with 100 rows and numPatterns = 0
          inputWidth = len(inputPattern)
          self._Memory = numpy.zeros((100,inputWidth))
          self._numPatterns = 0
          self._M = self._Memory[:self._numPatterns]
    
        addRow = True
    
        if self._vt is not None:
          # Compute projection
          inputPattern = numpy.dot(self._vt, inputPattern - self._mean)
    
        if self.distThreshold > 0:
          # Check if input is too close to an existing input to be accepted
          dist = self._calcDistance(inputPattern)
          minDist = dist.min()
          addRow = (minDist >= self.distThreshold)
    
        if addRow:
          self._protoSizes = None     # need to re-compute
          if self._numPatterns == self._Memory.shape[0]:
            # Double the size of the memory
            self._doubleMemoryNumRows()
    
          if not self._specificIndexTraining:
            # Normal learning - append the new input vector
            self._Memory[self._numPatterns] = inputPattern
            self._numPatterns += 1
            self._categoryList.append(int(inputCategory))
          else:
            # Specific index training mode - insert vector in specified slot
            vectorIndex = self._nextTrainingIndices.pop(0)
            while vectorIndex >= self._Memory.shape[0]:
              self._doubleMemoryNumRows()
            self._Memory[vectorIndex] = inputPattern
            self._numPatterns = max(self._numPatterns, vectorIndex + 1)
            if vectorIndex >= len(self._categoryList):
              self._categoryList += [-1] * (vectorIndex -
                                            len(self._categoryList) + 1)
            self._categoryList[vectorIndex] = int(inputCategory)
    
          # Set _M to the "active" part of _Memory
          self._M = self._Memory[0:self._numPatterns]
    
          self._addPartitionId(self._numPatterns-1, partitionId)
    
      # Sparse vectors
      else:
    
        # If the input was given in sparse form, convert it to dense if necessary
        if isSparse > 0 and (self._vt is not None or self.distThreshold > 0 \
                or self.numSVDDims is not None or self.numSVDSamples is not None \
                or self.numWinners > 0):
            denseInput = numpy.zeros(isSparse)
            denseInput[inputPattern] = 1.0
            inputPattern = denseInput
            isSparse = 0
    
        # Get the input width
        if isSparse > 0:
          inputWidth = isSparse
        else:
          inputWidth = len(inputPattern)
    
        # Allocate storage if this is the first training vector
        if self._Memory is None:
          self._Memory = NearestNeighbor(0, inputWidth)
    
        # Support SVD if it is on
        if self._vt is not None:
          inputPattern = numpy.dot(self._vt, inputPattern - self._mean)
    
        # Threshold the input, zeroing out entries that are too close to 0.
        #  This is only done if we are given a dense input.
        if isSparse == 0:
          thresholdedInput = self._sparsifyVector(inputPattern, True)
        addRow = True
    
        # If given the layout of the cells, then turn on the logic that stores
        # only the start cell for bursting columns.
        if self.cellsPerCol >= 1:
          burstingCols = thresholdedInput.reshape(-1,
                                    self.cellsPerCol).min(axis=1).nonzero()[0]
          for col in burstingCols:
            thresholdedInput[(col * self.cellsPerCol) + 1 :
                             (col * self.cellsPerCol) + self.cellsPerCol] = 0
    
    
        # Don't learn entries that are too close to existing entries.
>       if self._Memory.nRows() > 0:
E       AttributeError: 'nupic.bindings.math.NearestNeighbor' object has no attribute 'nRows'

..\..\..\..\nupic\algorithms\knn_classifier.py:556: AttributeError
______________________ KNNClassifierTest.testMinSparsity ______________________

self = <tests.unit.nupic.algorithms.knn_classifier_test.KNNClassifierTest testMethod=testMinSparsity>

    def testMinSparsity(self):
      """Tests overlap distance with min sparsity"""
    
      # Require sparsity >= 20%
      params = {"distanceMethod": "rawOverlap", "minSparsity": 0.2}
      classifier = KNNClassifier(**params)
    
      dimensionality = 30
      a = np.array([1, 3, 7, 11, 13, 17, 19, 23, 29], dtype=np.int32)
      b = np.array([2, 4, 8, 12, 14, 18, 20, 21, 28], dtype=np.int32)
    
      # This has 20% sparsity and should be inserted
      c = np.array([2, 3, 8, 11, 14, 18], dtype=np.int32)
    
      # This has 17% sparsity and should NOT be inserted
      d = np.array([2, 3, 8, 11, 18], dtype=np.int32)
    
>     numPatterns = classifier.learn(a, 0, isSparse=dimensionality)

knn_classifier_test.py:215: 
_ _ _ _ _ _ _ _ _ _ _ _ _ _ _ _ _ _ _ _ _ _ _ _ _ _ _ _ _ _ _ _ _ _ _ _ _ _ _ _

self = <nupic.algorithms.knn_classifier.KNNClassifier object at 0x000001B3A087F710>
inputPattern = array([ 1,  3,  7, 11, 13, 17, 19, 23, 29]), inputCategory = 0
partitionId = None, isSparse = 30, rowID = -1

    def learn(self, inputPattern, inputCategory, partitionId=None, isSparse=0,
              rowID=None):
      """
        Train the classifier to associate specified input pattern with a
        particular category.
    
        :param inputPattern: (list) The pattern to be assigned a category. If
            isSparse is 0, this should be a dense array (both ON and OFF bits
            present). Otherwise, if isSparse > 0, this should be a list of the
            indices of the non-zero bits in sorted order
    
        :param inputCategory: (int) The category to be associated to the training
            pattern
    
        :param partitionId: (int) partitionID allows you to associate an id with each
            input vector. It can be used to associate input patterns stored in the
            classifier with an external id. This can be useful for debugging or
            visualizing. Another use case is to ignore vectors with a specific id
            during inference (see description of infer() for details). There can be
            at most one partitionId per stored pattern (i.e. if two patterns are
            within distThreshold, only the first partitionId will be stored). This
            is an optional parameter.
    
        :param isSparse: (int) If 0, the input pattern is a dense representation. If
            isSparse > 0, the input pattern is a list of non-zero indices and
            isSparse is the length of the dense representation
    
        :param rowID: (int) UNKNOWN
    
        :returns: The number of patterns currently stored in the classifier
        """
      if self.verbosity >= 1:
        print("%s learn:" % g_debugPrefix)
        print("  category:", int(inputCategory))
        print("  active inputs:", _labeledInput(inputPattern,
                                                cellsPerCol=self.cellsPerCol))
    
      if isSparse > 0:
        assert all(inputPattern[i] <= inputPattern[i+1]
                   for i in range(len(inputPattern)-1)), \
                       "Sparse inputPattern must be sorted."
        assert all(bit < isSparse for bit in inputPattern), \
          ("Sparse inputPattern must not index outside the dense "
           "representation's bounds.")
    
      if rowID is None:
        rowID = self._iterationIdx
    
      # Dense vectors
      if not self.useSparseMemory:
    
        # Not supported
        assert self.cellsPerCol == 0, "not implemented for dense vectors"
    
        # If the input was given in sparse form, convert it to dense
        if isSparse > 0:
          denseInput = numpy.zeros(isSparse)
          denseInput[inputPattern] = 1.0
          inputPattern = denseInput
    
        if self._specificIndexTraining and not self._nextTrainingIndices:
          # Specific index mode without any index provided - skip training
          return self._numPatterns
    
        if self._Memory is None:
          # Initialize memory with 100 rows and numPatterns = 0
          inputWidth = len(inputPattern)
          self._Memory = numpy.zeros((100,inputWidth))
          self._numPatterns = 0
          self._M = self._Memory[:self._numPatterns]
    
        addRow = True
    
        if self._vt is not None:
          # Compute projection
          inputPattern = numpy.dot(self._vt, inputPattern - self._mean)
    
        if self.distThreshold > 0:
          # Check if input is too close to an existing input to be accepted
          dist = self._calcDistance(inputPattern)
          minDist = dist.min()
          addRow = (minDist >= self.distThreshold)
    
        if addRow:
          self._protoSizes = None     # need to re-compute
          if self._numPatterns == self._Memory.shape[0]:
            # Double the size of the memory
            self._doubleMemoryNumRows()
    
          if not self._specificIndexTraining:
            # Normal learning - append the new input vector
            self._Memory[self._numPatterns] = inputPattern
            self._numPatterns += 1
            self._categoryList.append(int(inputCategory))
          else:
            # Specific index training mode - insert vector in specified slot
            vectorIndex = self._nextTrainingIndices.pop(0)
            while vectorIndex >= self._Memory.shape[0]:
              self._doubleMemoryNumRows()
            self._Memory[vectorIndex] = inputPattern
            self._numPatterns = max(self._numPatterns, vectorIndex + 1)
            if vectorIndex >= len(self._categoryList):
              self._categoryList += [-1] * (vectorIndex -
                                            len(self._categoryList) + 1)
            self._categoryList[vectorIndex] = int(inputCategory)
    
          # Set _M to the "active" part of _Memory
          self._M = self._Memory[0:self._numPatterns]
    
          self._addPartitionId(self._numPatterns-1, partitionId)
    
      # Sparse vectors
      else:
    
        # If the input was given in sparse form, convert it to dense if necessary
        if isSparse > 0 and (self._vt is not None or self.distThreshold > 0 \
                or self.numSVDDims is not None or self.numSVDSamples is not None \
                or self.numWinners > 0):
            denseInput = numpy.zeros(isSparse)
            denseInput[inputPattern] = 1.0
            inputPattern = denseInput
            isSparse = 0
    
        # Get the input width
        if isSparse > 0:
          inputWidth = isSparse
        else:
          inputWidth = len(inputPattern)
    
        # Allocate storage if this is the first training vector
        if self._Memory is None:
          self._Memory = NearestNeighbor(0, inputWidth)
    
        # Support SVD if it is on
        if self._vt is not None:
          inputPattern = numpy.dot(self._vt, inputPattern - self._mean)
    
        # Threshold the input, zeroing out entries that are too close to 0.
        #  This is only done if we are given a dense input.
        if isSparse == 0:
          thresholdedInput = self._sparsifyVector(inputPattern, True)
        addRow = True
    
        # If given the layout of the cells, then turn on the logic that stores
        # only the start cell for bursting columns.
        if self.cellsPerCol >= 1:
          burstingCols = thresholdedInput.reshape(-1,
                                    self.cellsPerCol).min(axis=1).nonzero()[0]
          for col in burstingCols:
            thresholdedInput[(col * self.cellsPerCol) + 1 :
                             (col * self.cellsPerCol) + self.cellsPerCol] = 0
    
    
        # Don't learn entries that are too close to existing entries.
>       if self._Memory.nRows() > 0:
E       AttributeError: 'nupic.bindings.math.NearestNeighbor' object has no attribute 'nRows'

..\..\..\..\nupic\algorithms\knn_classifier.py:556: AttributeError
____________ KNNClassifierTest.testOverlapDistanceMethodEmptyArray ____________

self = <tests.unit.nupic.algorithms.knn_classifier_test.KNNClassifierTest testMethod=testOverlapDistanceMethodEmptyArray>

    def testOverlapDistanceMethodEmptyArray(self):
      """Tests case where pattern has no ON bits"""
      params = {"distanceMethod": "rawOverlap"}
      classifier = KNNClassifier(**params)
    
      dimensionality = 40
      a = np.array([], dtype=np.int32)
    
>     numPatterns = classifier.learn(a, 0, isSparse=dimensionality)

knn_classifier_test.py:478: 
_ _ _ _ _ _ _ _ _ _ _ _ _ _ _ _ _ _ _ _ _ _ _ _ _ _ _ _ _ _ _ _ _ _ _ _ _ _ _ _

self = <nupic.algorithms.knn_classifier.KNNClassifier object at 0x000001B3965D1BA8>
inputPattern = array([], dtype=int32), inputCategory = 0, partitionId = None
isSparse = 40, rowID = -1

    def learn(self, inputPattern, inputCategory, partitionId=None, isSparse=0,
              rowID=None):
      """
        Train the classifier to associate specified input pattern with a
        particular category.
    
        :param inputPattern: (list) The pattern to be assigned a category. If
            isSparse is 0, this should be a dense array (both ON and OFF bits
            present). Otherwise, if isSparse > 0, this should be a list of the
            indices of the non-zero bits in sorted order
    
        :param inputCategory: (int) The category to be associated to the training
            pattern
    
        :param partitionId: (int) partitionID allows you to associate an id with each
            input vector. It can be used to associate input patterns stored in the
            classifier with an external id. This can be useful for debugging or
            visualizing. Another use case is to ignore vectors with a specific id
            during inference (see description of infer() for details). There can be
            at most one partitionId per stored pattern (i.e. if two patterns are
            within distThreshold, only the first partitionId will be stored). This
            is an optional parameter.
    
        :param isSparse: (int) If 0, the input pattern is a dense representation. If
            isSparse > 0, the input pattern is a list of non-zero indices and
            isSparse is the length of the dense representation
    
        :param rowID: (int) UNKNOWN
    
        :returns: The number of patterns currently stored in the classifier
        """
      if self.verbosity >= 1:
        print("%s learn:" % g_debugPrefix)
        print("  category:", int(inputCategory))
        print("  active inputs:", _labeledInput(inputPattern,
                                                cellsPerCol=self.cellsPerCol))
    
      if isSparse > 0:
        assert all(inputPattern[i] <= inputPattern[i+1]
                   for i in range(len(inputPattern)-1)), \
                       "Sparse inputPattern must be sorted."
        assert all(bit < isSparse for bit in inputPattern), \
          ("Sparse inputPattern must not index outside the dense "
           "representation's bounds.")
    
      if rowID is None:
        rowID = self._iterationIdx
    
      # Dense vectors
      if not self.useSparseMemory:
    
        # Not supported
        assert self.cellsPerCol == 0, "not implemented for dense vectors"
    
        # If the input was given in sparse form, convert it to dense
        if isSparse > 0:
          denseInput = numpy.zeros(isSparse)
          denseInput[inputPattern] = 1.0
          inputPattern = denseInput
    
        if self._specificIndexTraining and not self._nextTrainingIndices:
          # Specific index mode without any index provided - skip training
          return self._numPatterns
    
        if self._Memory is None:
          # Initialize memory with 100 rows and numPatterns = 0
          inputWidth = len(inputPattern)
          self._Memory = numpy.zeros((100,inputWidth))
          self._numPatterns = 0
          self._M = self._Memory[:self._numPatterns]
    
        addRow = True
    
        if self._vt is not None:
          # Compute projection
          inputPattern = numpy.dot(self._vt, inputPattern - self._mean)
    
        if self.distThreshold > 0:
          # Check if input is too close to an existing input to be accepted
          dist = self._calcDistance(inputPattern)
          minDist = dist.min()
          addRow = (minDist >= self.distThreshold)
    
        if addRow:
          self._protoSizes = None     # need to re-compute
          if self._numPatterns == self._Memory.shape[0]:
            # Double the size of the memory
            self._doubleMemoryNumRows()
    
          if not self._specificIndexTraining:
            # Normal learning - append the new input vector
            self._Memory[self._numPatterns] = inputPattern
            self._numPatterns += 1
            self._categoryList.append(int(inputCategory))
          else:
            # Specific index training mode - insert vector in specified slot
            vectorIndex = self._nextTrainingIndices.pop(0)
            while vectorIndex >= self._Memory.shape[0]:
              self._doubleMemoryNumRows()
            self._Memory[vectorIndex] = inputPattern
            self._numPatterns = max(self._numPatterns, vectorIndex + 1)
            if vectorIndex >= len(self._categoryList):
              self._categoryList += [-1] * (vectorIndex -
                                            len(self._categoryList) + 1)
            self._categoryList[vectorIndex] = int(inputCategory)
    
          # Set _M to the "active" part of _Memory
          self._M = self._Memory[0:self._numPatterns]
    
          self._addPartitionId(self._numPatterns-1, partitionId)
    
      # Sparse vectors
      else:
    
        # If the input was given in sparse form, convert it to dense if necessary
        if isSparse > 0 and (self._vt is not None or self.distThreshold > 0 \
                or self.numSVDDims is not None or self.numSVDSamples is not None \
                or self.numWinners > 0):
            denseInput = numpy.zeros(isSparse)
            denseInput[inputPattern] = 1.0
            inputPattern = denseInput
            isSparse = 0
    
        # Get the input width
        if isSparse > 0:
          inputWidth = isSparse
        else:
          inputWidth = len(inputPattern)
    
        # Allocate storage if this is the first training vector
        if self._Memory is None:
          self._Memory = NearestNeighbor(0, inputWidth)
    
        # Support SVD if it is on
        if self._vt is not None:
          inputPattern = numpy.dot(self._vt, inputPattern - self._mean)
    
        # Threshold the input, zeroing out entries that are too close to 0.
        #  This is only done if we are given a dense input.
        if isSparse == 0:
          thresholdedInput = self._sparsifyVector(inputPattern, True)
        addRow = True
    
        # If given the layout of the cells, then turn on the logic that stores
        # only the start cell for bursting columns.
        if self.cellsPerCol >= 1:
          burstingCols = thresholdedInput.reshape(-1,
                                    self.cellsPerCol).min(axis=1).nonzero()[0]
          for col in burstingCols:
            thresholdedInput[(col * self.cellsPerCol) + 1 :
                             (col * self.cellsPerCol) + self.cellsPerCol] = 0
    
    
        # Don't learn entries that are too close to existing entries.
>       if self._Memory.nRows() > 0:
E       AttributeError: 'nupic.bindings.math.NearestNeighbor' object has no attribute 'nRows'

..\..\..\..\nupic\algorithms\knn_classifier.py:556: AttributeError
____ KNNClassifierTest.testOverlapDistanceMethodInconsistentDimensionality ____

self = <tests.unit.nupic.algorithms.knn_classifier_test.KNNClassifierTest testMethod=testOverlapDistanceMethodInconsistentDimensionality>

    def testOverlapDistanceMethodInconsistentDimensionality(self):
      """Inconsistent sparsity (input dimensionality)"""
      params = {"distanceMethod": "rawOverlap"}
      classifier = KNNClassifier(**params)
    
      dimensionality = 40
      a = np.array([1, 3, 7, 11, 13, 17, 19, 23, 29], dtype=np.int32)
    
      # Learn with incorrect dimensionality, greater than largest ON bit, but
      # inconsistent when inferring
>     numPatterns = classifier.learn(a, 0, isSparse=31)

knn_classifier_test.py:443: 
_ _ _ _ _ _ _ _ _ _ _ _ _ _ _ _ _ _ _ _ _ _ _ _ _ _ _ _ _ _ _ _ _ _ _ _ _ _ _ _

self = <nupic.algorithms.knn_classifier.KNNClassifier object at 0x000001B396487198>
inputPattern = array([ 1,  3,  7, 11, 13, 17, 19, 23, 29]), inputCategory = 0
partitionId = None, isSparse = 31, rowID = -1

    def learn(self, inputPattern, inputCategory, partitionId=None, isSparse=0,
              rowID=None):
      """
        Train the classifier to associate specified input pattern with a
        particular category.
    
        :param inputPattern: (list) The pattern to be assigned a category. If
            isSparse is 0, this should be a dense array (both ON and OFF bits
            present). Otherwise, if isSparse > 0, this should be a list of the
            indices of the non-zero bits in sorted order
    
        :param inputCategory: (int) The category to be associated to the training
            pattern
    
        :param partitionId: (int) partitionID allows you to associate an id with each
            input vector. It can be used to associate input patterns stored in the
            classifier with an external id. This can be useful for debugging or
            visualizing. Another use case is to ignore vectors with a specific id
            during inference (see description of infer() for details). There can be
            at most one partitionId per stored pattern (i.e. if two patterns are
            within distThreshold, only the first partitionId will be stored). This
            is an optional parameter.
    
        :param isSparse: (int) If 0, the input pattern is a dense representation. If
            isSparse > 0, the input pattern is a list of non-zero indices and
            isSparse is the length of the dense representation
    
        :param rowID: (int) UNKNOWN
    
        :returns: The number of patterns currently stored in the classifier
        """
      if self.verbosity >= 1:
        print("%s learn:" % g_debugPrefix)
        print("  category:", int(inputCategory))
        print("  active inputs:", _labeledInput(inputPattern,
                                                cellsPerCol=self.cellsPerCol))
    
      if isSparse > 0:
        assert all(inputPattern[i] <= inputPattern[i+1]
                   for i in range(len(inputPattern)-1)), \
                       "Sparse inputPattern must be sorted."
        assert all(bit < isSparse for bit in inputPattern), \
          ("Sparse inputPattern must not index outside the dense "
           "representation's bounds.")
    
      if rowID is None:
        rowID = self._iterationIdx
    
      # Dense vectors
      if not self.useSparseMemory:
    
        # Not supported
        assert self.cellsPerCol == 0, "not implemented for dense vectors"
    
        # If the input was given in sparse form, convert it to dense
        if isSparse > 0:
          denseInput = numpy.zeros(isSparse)
          denseInput[inputPattern] = 1.0
          inputPattern = denseInput
    
        if self._specificIndexTraining and not self._nextTrainingIndices:
          # Specific index mode without any index provided - skip training
          return self._numPatterns
    
        if self._Memory is None:
          # Initialize memory with 100 rows and numPatterns = 0
          inputWidth = len(inputPattern)
          self._Memory = numpy.zeros((100,inputWidth))
          self._numPatterns = 0
          self._M = self._Memory[:self._numPatterns]
    
        addRow = True
    
        if self._vt is not None:
          # Compute projection
          inputPattern = numpy.dot(self._vt, inputPattern - self._mean)
    
        if self.distThreshold > 0:
          # Check if input is too close to an existing input to be accepted
          dist = self._calcDistance(inputPattern)
          minDist = dist.min()
          addRow = (minDist >= self.distThreshold)
    
        if addRow:
          self._protoSizes = None     # need to re-compute
          if self._numPatterns == self._Memory.shape[0]:
            # Double the size of the memory
            self._doubleMemoryNumRows()
    
          if not self._specificIndexTraining:
            # Normal learning - append the new input vector
            self._Memory[self._numPatterns] = inputPattern
            self._numPatterns += 1
            self._categoryList.append(int(inputCategory))
          else:
            # Specific index training mode - insert vector in specified slot
            vectorIndex = self._nextTrainingIndices.pop(0)
            while vectorIndex >= self._Memory.shape[0]:
              self._doubleMemoryNumRows()
            self._Memory[vectorIndex] = inputPattern
            self._numPatterns = max(self._numPatterns, vectorIndex + 1)
            if vectorIndex >= len(self._categoryList):
              self._categoryList += [-1] * (vectorIndex -
                                            len(self._categoryList) + 1)
            self._categoryList[vectorIndex] = int(inputCategory)
    
          # Set _M to the "active" part of _Memory
          self._M = self._Memory[0:self._numPatterns]
    
          self._addPartitionId(self._numPatterns-1, partitionId)
    
      # Sparse vectors
      else:
    
        # If the input was given in sparse form, convert it to dense if necessary
        if isSparse > 0 and (self._vt is not None or self.distThreshold > 0 \
                or self.numSVDDims is not None or self.numSVDSamples is not None \
                or self.numWinners > 0):
            denseInput = numpy.zeros(isSparse)
            denseInput[inputPattern] = 1.0
            inputPattern = denseInput
            isSparse = 0
    
        # Get the input width
        if isSparse > 0:
          inputWidth = isSparse
        else:
          inputWidth = len(inputPattern)
    
        # Allocate storage if this is the first training vector
        if self._Memory is None:
          self._Memory = NearestNeighbor(0, inputWidth)
    
        # Support SVD if it is on
        if self._vt is not None:
          inputPattern = numpy.dot(self._vt, inputPattern - self._mean)
    
        # Threshold the input, zeroing out entries that are too close to 0.
        #  This is only done if we are given a dense input.
        if isSparse == 0:
          thresholdedInput = self._sparsifyVector(inputPattern, True)
        addRow = True
    
        # If given the layout of the cells, then turn on the logic that stores
        # only the start cell for bursting columns.
        if self.cellsPerCol >= 1:
          burstingCols = thresholdedInput.reshape(-1,
                                    self.cellsPerCol).min(axis=1).nonzero()[0]
          for col in burstingCols:
            thresholdedInput[(col * self.cellsPerCol) + 1 :
                             (col * self.cellsPerCol) + self.cellsPerCol] = 0
    
    
        # Don't learn entries that are too close to existing entries.
>       if self._Memory.nRows() > 0:
E       AttributeError: 'nupic.bindings.math.NearestNeighbor' object has no attribute 'nRows'

..\..\..\..\nupic\algorithms\knn_classifier.py:556: AttributeError
_____________ KNNClassifierTest.testOverlapDistanceMethodStandard _____________

self = <tests.unit.nupic.algorithms.knn_classifier_test.KNNClassifierTest testMethod=testOverlapDistanceMethodStandard>

    def testOverlapDistanceMethodStandard(self):
      """Tests standard learning case for raw overlap"""
      params = {"distanceMethod": "rawOverlap"}
      classifier = KNNClassifier(**params)
    
      dimensionality = 40
      a = np.array([1, 3, 7, 11, 13, 17, 19, 23, 29], dtype=np.int32)
      b = np.array([2, 4, 8, 12, 14, 18, 20, 28, 30], dtype=np.int32)
    
>     numPatterns = classifier.learn(a, 0, isSparse=dimensionality)

knn_classifier_test.py:181: 
_ _ _ _ _ _ _ _ _ _ _ _ _ _ _ _ _ _ _ _ _ _ _ _ _ _ _ _ _ _ _ _ _ _ _ _ _ _ _ _

self = <nupic.algorithms.knn_classifier.KNNClassifier object at 0x000001B396DDF358>
inputPattern = array([ 1,  3,  7, 11, 13, 17, 19, 23, 29]), inputCategory = 0
partitionId = None, isSparse = 40, rowID = -1

    def learn(self, inputPattern, inputCategory, partitionId=None, isSparse=0,
              rowID=None):
      """
        Train the classifier to associate specified input pattern with a
        particular category.
    
        :param inputPattern: (list) The pattern to be assigned a category. If
            isSparse is 0, this should be a dense array (both ON and OFF bits
            present). Otherwise, if isSparse > 0, this should be a list of the
            indices of the non-zero bits in sorted order
    
        :param inputCategory: (int) The category to be associated to the training
            pattern
    
        :param partitionId: (int) partitionID allows you to associate an id with each
            input vector. It can be used to associate input patterns stored in the
            classifier with an external id. This can be useful for debugging or
            visualizing. Another use case is to ignore vectors with a specific id
            during inference (see description of infer() for details). There can be
            at most one partitionId per stored pattern (i.e. if two patterns are
            within distThreshold, only the first partitionId will be stored). This
            is an optional parameter.
    
        :param isSparse: (int) If 0, the input pattern is a dense representation. If
            isSparse > 0, the input pattern is a list of non-zero indices and
            isSparse is the length of the dense representation
    
        :param rowID: (int) UNKNOWN
    
        :returns: The number of patterns currently stored in the classifier
        """
      if self.verbosity >= 1:
        print("%s learn:" % g_debugPrefix)
        print("  category:", int(inputCategory))
        print("  active inputs:", _labeledInput(inputPattern,
                                                cellsPerCol=self.cellsPerCol))
    
      if isSparse > 0:
        assert all(inputPattern[i] <= inputPattern[i+1]
                   for i in range(len(inputPattern)-1)), \
                       "Sparse inputPattern must be sorted."
        assert all(bit < isSparse for bit in inputPattern), \
          ("Sparse inputPattern must not index outside the dense "
           "representation's bounds.")
    
      if rowID is None:
        rowID = self._iterationIdx
    
      # Dense vectors
      if not self.useSparseMemory:
    
        # Not supported
        assert self.cellsPerCol == 0, "not implemented for dense vectors"
    
        # If the input was given in sparse form, convert it to dense
        if isSparse > 0:
          denseInput = numpy.zeros(isSparse)
          denseInput[inputPattern] = 1.0
          inputPattern = denseInput
    
        if self._specificIndexTraining and not self._nextTrainingIndices:
          # Specific index mode without any index provided - skip training
          return self._numPatterns
    
        if self._Memory is None:
          # Initialize memory with 100 rows and numPatterns = 0
          inputWidth = len(inputPattern)
          self._Memory = numpy.zeros((100,inputWidth))
          self._numPatterns = 0
          self._M = self._Memory[:self._numPatterns]
    
        addRow = True
    
        if self._vt is not None:
          # Compute projection
          inputPattern = numpy.dot(self._vt, inputPattern - self._mean)
    
        if self.distThreshold > 0:
          # Check if input is too close to an existing input to be accepted
          dist = self._calcDistance(inputPattern)
          minDist = dist.min()
          addRow = (minDist >= self.distThreshold)
    
        if addRow:
          self._protoSizes = None     # need to re-compute
          if self._numPatterns == self._Memory.shape[0]:
            # Double the size of the memory
            self._doubleMemoryNumRows()
    
          if not self._specificIndexTraining:
            # Normal learning - append the new input vector
            self._Memory[self._numPatterns] = inputPattern
            self._numPatterns += 1
            self._categoryList.append(int(inputCategory))
          else:
            # Specific index training mode - insert vector in specified slot
            vectorIndex = self._nextTrainingIndices.pop(0)
            while vectorIndex >= self._Memory.shape[0]:
              self._doubleMemoryNumRows()
            self._Memory[vectorIndex] = inputPattern
            self._numPatterns = max(self._numPatterns, vectorIndex + 1)
            if vectorIndex >= len(self._categoryList):
              self._categoryList += [-1] * (vectorIndex -
                                            len(self._categoryList) + 1)
            self._categoryList[vectorIndex] = int(inputCategory)
    
          # Set _M to the "active" part of _Memory
          self._M = self._Memory[0:self._numPatterns]
    
          self._addPartitionId(self._numPatterns-1, partitionId)
    
      # Sparse vectors
      else:
    
        # If the input was given in sparse form, convert it to dense if necessary
        if isSparse > 0 and (self._vt is not None or self.distThreshold > 0 \
                or self.numSVDDims is not None or self.numSVDSamples is not None \
                or self.numWinners > 0):
            denseInput = numpy.zeros(isSparse)
            denseInput[inputPattern] = 1.0
            inputPattern = denseInput
            isSparse = 0
    
        # Get the input width
        if isSparse > 0:
          inputWidth = isSparse
        else:
          inputWidth = len(inputPattern)
    
        # Allocate storage if this is the first training vector
        if self._Memory is None:
          self._Memory = NearestNeighbor(0, inputWidth)
    
        # Support SVD if it is on
        if self._vt is not None:
          inputPattern = numpy.dot(self._vt, inputPattern - self._mean)
    
        # Threshold the input, zeroing out entries that are too close to 0.
        #  This is only done if we are given a dense input.
        if isSparse == 0:
          thresholdedInput = self._sparsifyVector(inputPattern, True)
        addRow = True
    
        # If given the layout of the cells, then turn on the logic that stores
        # only the start cell for bursting columns.
        if self.cellsPerCol >= 1:
          burstingCols = thresholdedInput.reshape(-1,
                                    self.cellsPerCol).min(axis=1).nonzero()[0]
          for col in burstingCols:
            thresholdedInput[(col * self.cellsPerCol) + 1 :
                             (col * self.cellsPerCol) + self.cellsPerCol] = 0
    
    
        # Don't learn entries that are too close to existing entries.
>       if self._Memory.nRows() > 0:
E       AttributeError: 'nupic.bindings.math.NearestNeighbor' object has no attribute 'nRows'

..\..\..\..\nupic\algorithms\knn_classifier.py:556: AttributeError
__________________ KNNClassifierTest.testPartitionIdExcluded __________________

self = <tests.unit.nupic.algorithms.knn_classifier_test.KNNClassifierTest testMethod=testPartitionIdExcluded>

    def testPartitionIdExcluded(self):
      """
        Tests that paritionId properly excludes training data points during
        inference
        """
      params = {"distanceMethod": "rawOverlap"}
      classifier = KNNClassifier(**params)
    
      dimensionality = 40
      a = np.array([1, 3, 7, 11, 13, 17, 19, 23, 29], dtype=np.int32)
      b = np.array([2, 4, 8, 12, 14, 18, 20, 28, 30], dtype=np.int32)
    
      denseA = np.zeros(dimensionality)
      denseA[a] = 1.0
    
      denseB = np.zeros(dimensionality)
      denseB[b] = 1.0
    
>     classifier.learn(a, 0, isSparse=dimensionality, partitionId=0)

knn_classifier_test.py:270: 
_ _ _ _ _ _ _ _ _ _ _ _ _ _ _ _ _ _ _ _ _ _ _ _ _ _ _ _ _ _ _ _ _ _ _ _ _ _ _ _

self = <nupic.algorithms.knn_classifier.KNNClassifier object at 0x000001B39648DFD0>
inputPattern = array([ 1,  3,  7, 11, 13, 17, 19, 23, 29]), inputCategory = 0
partitionId = 0, isSparse = 40, rowID = -1

    def learn(self, inputPattern, inputCategory, partitionId=None, isSparse=0,
              rowID=None):
      """
        Train the classifier to associate specified input pattern with a
        particular category.
    
        :param inputPattern: (list) The pattern to be assigned a category. If
            isSparse is 0, this should be a dense array (both ON and OFF bits
            present). Otherwise, if isSparse > 0, this should be a list of the
            indices of the non-zero bits in sorted order
    
        :param inputCategory: (int) The category to be associated to the training
            pattern
    
        :param partitionId: (int) partitionID allows you to associate an id with each
            input vector. It can be used to associate input patterns stored in the
            classifier with an external id. This can be useful for debugging or
            visualizing. Another use case is to ignore vectors with a specific id
            during inference (see description of infer() for details). There can be
            at most one partitionId per stored pattern (i.e. if two patterns are
            within distThreshold, only the first partitionId will be stored). This
            is an optional parameter.
    
        :param isSparse: (int) If 0, the input pattern is a dense representation. If
            isSparse > 0, the input pattern is a list of non-zero indices and
            isSparse is the length of the dense representation
    
        :param rowID: (int) UNKNOWN
    
        :returns: The number of patterns currently stored in the classifier
        """
      if self.verbosity >= 1:
        print("%s learn:" % g_debugPrefix)
        print("  category:", int(inputCategory))
        print("  active inputs:", _labeledInput(inputPattern,
                                                cellsPerCol=self.cellsPerCol))
    
      if isSparse > 0:
        assert all(inputPattern[i] <= inputPattern[i+1]
                   for i in range(len(inputPattern)-1)), \
                       "Sparse inputPattern must be sorted."
        assert all(bit < isSparse for bit in inputPattern), \
          ("Sparse inputPattern must not index outside the dense "
           "representation's bounds.")
    
      if rowID is None:
        rowID = self._iterationIdx
    
      # Dense vectors
      if not self.useSparseMemory:
    
        # Not supported
        assert self.cellsPerCol == 0, "not implemented for dense vectors"
    
        # If the input was given in sparse form, convert it to dense
        if isSparse > 0:
          denseInput = numpy.zeros(isSparse)
          denseInput[inputPattern] = 1.0
          inputPattern = denseInput
    
        if self._specificIndexTraining and not self._nextTrainingIndices:
          # Specific index mode without any index provided - skip training
          return self._numPatterns
    
        if self._Memory is None:
          # Initialize memory with 100 rows and numPatterns = 0
          inputWidth = len(inputPattern)
          self._Memory = numpy.zeros((100,inputWidth))
          self._numPatterns = 0
          self._M = self._Memory[:self._numPatterns]
    
        addRow = True
    
        if self._vt is not None:
          # Compute projection
          inputPattern = numpy.dot(self._vt, inputPattern - self._mean)
    
        if self.distThreshold > 0:
          # Check if input is too close to an existing input to be accepted
          dist = self._calcDistance(inputPattern)
          minDist = dist.min()
          addRow = (minDist >= self.distThreshold)
    
        if addRow:
          self._protoSizes = None     # need to re-compute
          if self._numPatterns == self._Memory.shape[0]:
            # Double the size of the memory
            self._doubleMemoryNumRows()
    
          if not self._specificIndexTraining:
            # Normal learning - append the new input vector
            self._Memory[self._numPatterns] = inputPattern
            self._numPatterns += 1
            self._categoryList.append(int(inputCategory))
          else:
            # Specific index training mode - insert vector in specified slot
            vectorIndex = self._nextTrainingIndices.pop(0)
            while vectorIndex >= self._Memory.shape[0]:
              self._doubleMemoryNumRows()
            self._Memory[vectorIndex] = inputPattern
            self._numPatterns = max(self._numPatterns, vectorIndex + 1)
            if vectorIndex >= len(self._categoryList):
              self._categoryList += [-1] * (vectorIndex -
                                            len(self._categoryList) + 1)
            self._categoryList[vectorIndex] = int(inputCategory)
    
          # Set _M to the "active" part of _Memory
          self._M = self._Memory[0:self._numPatterns]
    
          self._addPartitionId(self._numPatterns-1, partitionId)
    
      # Sparse vectors
      else:
    
        # If the input was given in sparse form, convert it to dense if necessary
        if isSparse > 0 and (self._vt is not None or self.distThreshold > 0 \
                or self.numSVDDims is not None or self.numSVDSamples is not None \
                or self.numWinners > 0):
            denseInput = numpy.zeros(isSparse)
            denseInput[inputPattern] = 1.0
            inputPattern = denseInput
            isSparse = 0
    
        # Get the input width
        if isSparse > 0:
          inputWidth = isSparse
        else:
          inputWidth = len(inputPattern)
    
        # Allocate storage if this is the first training vector
        if self._Memory is None:
          self._Memory = NearestNeighbor(0, inputWidth)
    
        # Support SVD if it is on
        if self._vt is not None:
          inputPattern = numpy.dot(self._vt, inputPattern - self._mean)
    
        # Threshold the input, zeroing out entries that are too close to 0.
        #  This is only done if we are given a dense input.
        if isSparse == 0:
          thresholdedInput = self._sparsifyVector(inputPattern, True)
        addRow = True
    
        # If given the layout of the cells, then turn on the logic that stores
        # only the start cell for bursting columns.
        if self.cellsPerCol >= 1:
          burstingCols = thresholdedInput.reshape(-1,
                                    self.cellsPerCol).min(axis=1).nonzero()[0]
          for col in burstingCols:
            thresholdedInput[(col * self.cellsPerCol) + 1 :
                             (col * self.cellsPerCol) + self.cellsPerCol] = 0
    
    
        # Don't learn entries that are too close to existing entries.
>       if self._Memory.nRows() > 0:
E       AttributeError: 'nupic.bindings.math.NearestNeighbor' object has no attribute 'nRows'

..\..\..\..\nupic\algorithms\knn_classifier.py:556: AttributeError
[...]
columnIndex = 0

    def __getitem__(self, columnIndex):
      """ Wraps getRow() such that instances may be indexed by columnIndex."""
>     return super(_SparseMatrixCorticalColumnAdapter, self).getRow(columnIndex)
E     AttributeError: 'super' object has no attribute 'getRow'

..\..\..\..\nupic\algorithms\spatial_pooler.py:64: AttributeError
---------------------------- Captured stdout call -----------------------------
New seed generated as: 289 called by run line 601 -> setUp
__________________ SpatialPoolerTest.testUpdateBoostFactors ___________________

self = <tests.unit.nupic.algorithms.spatial_pooler_unit_test.SpatialPoolerTest testMethod=testUpdateBoostFactors>

    def setUp(self):
    
      self._params = {
        "inputDimensions": [5],
        "columnDimensions": [5],
        "potentialRadius": 5,
        "potentialPct": 0.5,
        "globalInhibition": False,
        "localAreaDensity": -1.0,
        "numActiveColumnsPerInhArea": 3,
        "stimulusThreshold": 0,
        "synPermInactiveDec": 0.01,
        "synPermActiveInc": 0.1,
        "synPermConnected": 0.10,
        "minPctOverlapDutyCycle": 0.1,
        "dutyCyclePeriod": 10,
        "boostStrength": 10.0,
        "seed": getSeed(),
        "spVerbosity": 0
      }
    
>     self._sp = SpatialPooler(**self._params)

spatial_pooler_unit_test.py:76: 
_ _ _ _ _ _ _ _ _ _ _ _ _ _ _ _ _ _ _ _ _ _ _ _ _ _ _ _ _ _ _ _ _ _ _ _ _ _ _ _
..\..\..\..\nupic\algorithms\spatial_pooler.py:370: in __init__
    self._updatePermanencesForColumn(perm, columnIndex, raisePerm=True)
..\..\..\..\nupic\algorithms\spatial_pooler.py:1255: in _updatePermanencesForColumn
    maskPotential = numpy.where(self._potentialPools[columnIndex] > 0)[0]
_ _ _ _ _ _ _ _ _ _ _ _ _ _ _ _ _ _ _ _ _ _ _ _ _ _ _ _ _ _ _ _ _ _ _ _ _ _ _ _

self = <nupic.algorithms.spatial_pooler.BinaryCorticalColumns object at 0x000001B3965EA830>
columnIndex = 0

    def __getitem__(self, columnIndex):
      """ Wraps getRow() such that instances may be indexed by columnIndex."""
>     return super(_SparseMatrixCorticalColumnAdapter, self).getRow(columnIndex)
E     AttributeError: 'super' object has no attribute 'getRow'

..\..\..\..\nupic\algorithms\spatial_pooler.py:64: AttributeError
---------------------------- Captured stdout call -----------------------------
New seed generated as: 290 called by run line 601 -> setUp
_________________ SpatialPoolerTest.testUpdateDutyCycleHelper _________________

self = <tests.unit.nupic.algorithms.spatial_pooler_unit_test.SpatialPoolerTest testMethod=testUpdateDutyCycleHelper>

    def setUp(self):
    
      self._params = {
        "inputDimensions": [5],
        "columnDimensions": [5],
        "potentialRadius": 5,
        "potentialPct": 0.5,
        "globalInhibition": False,
        "localAreaDensity": -1.0,
        "numActiveColumnsPerInhArea": 3,
        "stimulusThreshold": 0,
        "synPermInactiveDec": 0.01,
        "synPermActiveInc": 0.1,
        "synPermConnected": 0.10,
        "minPctOverlapDutyCycle": 0.1,
        "dutyCyclePeriod": 10,
        "boostStrength": 10.0,
        "seed": getSeed(),
        "spVerbosity": 0
      }
    
>     self._sp = SpatialPooler(**self._params)

spatial_pooler_unit_test.py:76: 
_ _ _ _ _ _ _ _ _ _ _ _ _ _ _ _ _ _ _ _ _ _ _ _ _ _ _ _ _ _ _ _ _ _ _ _ _ _ _ _
..\..\..\..\nupic\algorithms\spatial_pooler.py:370: in __init__
    self._updatePermanencesForColumn(perm, columnIndex, raisePerm=True)
..\..\..\..\nupic\algorithms\spatial_pooler.py:1255: in _updatePermanencesForColumn
    maskPotential = numpy.where(self._potentialPools[columnIndex] > 0)[0]
_ _ _ _ _ _ _ _ _ _ _ _ _ _ _ _ _ _ _ _ _ _ _ _ _ _ _ _ _ _ _ _ _ _ _ _ _ _ _ _

self = <nupic.algorithms.spatial_pooler.BinaryCorticalColumns object at 0x000001B3965FB990>
columnIndex = 0

    def __getitem__(self, columnIndex):
      """ Wraps getRow() such that instances may be indexed by columnIndex."""
>     return super(_SparseMatrixCorticalColumnAdapter, self).getRow(columnIndex)
E     AttributeError: 'super' object has no attribute 'getRow'

..\..\..\..\nupic\algorithms\spatial_pooler.py:64: AttributeError
---------------------------- Captured stdout call -----------------------------
New seed generated as: 291 called by run line 601 -> setUp
________________ SpatialPoolerTest.testUpdateInhibitionRadius _________________

self = <tests.unit.nupic.algorithms.spatial_pooler_unit_test.SpatialPoolerTest testMethod=testUpdateInhibitionRadius>

    def setUp(self):
    
      self._params = {
        "inputDimensions": [5],
        "columnDimensions": [5],
        "potentialRadius": 5,
        "potentialPct": 0.5,
        "globalInhibition": False,
        "localAreaDensity": -1.0,
        "numActiveColumnsPerInhArea": 3,
        "stimulusThreshold": 0,
        "synPermInactiveDec": 0.01,
        "synPermActiveInc": 0.1,
        "synPermConnected": 0.10,
        "minPctOverlapDutyCycle": 0.1,
        "dutyCyclePeriod": 10,
        "boostStrength": 10.0,
        "seed": getSeed(),
        "spVerbosity": 0
      }
    
>     self._sp = SpatialPooler(**self._params)

spatial_pooler_unit_test.py:76: 
_ _ _ _ _ _ _ _ _ _ _ _ _ _ _ _ _ _ _ _ _ _ _ _ _ _ _ _ _ _ _ _ _ _ _ _ _ _ _ _
..\..\..\..\nupic\algorithms\spatial_pooler.py:370: in __init__
    self._updatePermanencesForColumn(perm, columnIndex, raisePerm=True)
..\..\..\..\nupic\algorithms\spatial_pooler.py:1255: in _updatePermanencesForColumn
    maskPotential = numpy.where(self._potentialPools[columnIndex] > 0)[0]
_ _ _ _ _ _ _ _ _ _ _ _ _ _ _ _ _ _ _ _ _ _ _ _ _ _ _ _ _ _ _ _ _ _ _ _ _ _ _ _

self = <nupic.algorithms.spatial_pooler.BinaryCorticalColumns object at 0x000001B3965888E0>
columnIndex = 0

    def __getitem__(self, columnIndex):
      """ Wraps getRow() such that instances may be indexed by columnIndex."""
>     return super(_SparseMatrixCorticalColumnAdapter, self).getRow(columnIndex)
E     AttributeError: 'super' object has no attribute 'getRow'

..\..\..\..\nupic\algorithms\spatial_pooler.py:64: AttributeError
---------------------------- Captured stdout call -----------------------------
New seed generated as: 291 called by run line 601 -> setUp
________________ SpatialPoolerTest.testUpdateMinDutyCycleLocal ________________

self = <tests.unit.nupic.algorithms.spatial_pooler_unit_test.SpatialPoolerTest testMethod=testUpdateMinDutyCycleLocal>

    def setUp(self):
    
      self._params = {
        "inputDimensions": [5],
        "columnDimensions": [5],
        "potentialRadius": 5,
        "potentialPct": 0.5,
        "globalInhibition": False,
        "localAreaDensity": -1.0,
        "numActiveColumnsPerInhArea": 3,
        "stimulusThreshold": 0,
        "synPermInactiveDec": 0.01,
        "synPermActiveInc": 0.1,
        "synPermConnected": 0.10,
        "minPctOverlapDutyCycle": 0.1,
        "dutyCyclePeriod": 10,
        "boostStrength": 10.0,
        "seed": getSeed(),
        "spVerbosity": 0
      }
    
>     self._sp = SpatialPooler(**self._params)

spatial_pooler_unit_test.py:76: 
_ _ _ _ _ _ _ _ _ _ _ _ _ _ _ _ _ _ _ _ _ _ _ _ _ _ _ _ _ _ _ _ _ _ _ _ _ _ _ _
..\..\..\..\nupic\algorithms\spatial_pooler.py:370: in __init__
    self._updatePermanencesForColumn(perm, columnIndex, raisePerm=True)
..\..\..\..\nupic\algorithms\spatial_pooler.py:1255: in _updatePermanencesForColumn
    maskPotential = numpy.where(self._potentialPools[columnIndex] > 0)[0]
_ _ _ _ _ _ _ _ _ _ _ _ _ _ _ _ _ _ _ _ _ _ _ _ _ _ _ _ _ _ _ _ _ _ _ _ _ _ _ _

self = <nupic.algorithms.spatial_pooler.BinaryCorticalColumns object at 0x000001B3965EA9E8>
columnIndex = 0

    def __getitem__(self, columnIndex):
      """ Wraps getRow() such that instances may be indexed by columnIndex."""
>     return super(_SparseMatrixCorticalColumnAdapter, self).getRow(columnIndex)
E     AttributeError: 'super' object has no attribute 'getRow'

..\..\..\..\nupic\algorithms\spatial_pooler.py:64: AttributeError
---------------------------- Captured stdout call -----------------------------
New seed generated as: 292 called by run line 601 -> setUp
_______________ SpatialPoolerTest.testUpdateMinDutyCyclesGlobal _______________

self = <tests.unit.nupic.algorithms.spatial_pooler_unit_test.SpatialPoolerTest testMethod=testUpdateMinDutyCyclesGlobal>

    def setUp(self):
    
      self._params = {
        "inputDimensions": [5],
        "columnDimensions": [5],
        "potentialRadius": 5,
        "potentialPct": 0.5,
        "globalInhibition": False,
        "localAreaDensity": -1.0,
        "numActiveColumnsPerInhArea": 3,
        "stimulusThreshold": 0,
        "synPermInactiveDec": 0.01,
        "synPermActiveInc": 0.1,
        "synPermConnected": 0.10,
        "minPctOverlapDutyCycle": 0.1,
        "dutyCyclePeriod": 10,
        "boostStrength": 10.0,
        "seed": getSeed(),
        "spVerbosity": 0
      }
    
>     self._sp = SpatialPooler(**self._params)

spatial_pooler_unit_test.py:76: 
_ _ _ _ _ _ _ _ _ _ _ _ _ _ _ _ _ _ _ _ _ _ _ _ _ _ _ _ _ _ _ _ _ _ _ _ _ _ _ _
..\..\..\..\nupic\algorithms\spatial_pooler.py:370: in __init__
    self._updatePermanencesForColumn(perm, columnIndex, raisePerm=True)
..\..\..\..\nupic\algorithms\spatial_pooler.py:1255: in _updatePermanencesForColumn
    maskPotential = numpy.where(self._potentialPools[columnIndex] > 0)[0]
_ _ _ _ _ _ _ _ _ _ _ _ _ _ _ _ _ _ _ _ _ _ _ _ _ _ _ _ _ _ _ _ _ _ _ _ _ _ _ _

self = <nupic.algorithms.spatial_pooler.BinaryCorticalColumns object at 0x000001B3965FBF10>
columnIndex = 0

    def __getitem__(self, columnIndex):
      """ Wraps getRow() such that instances may be indexed by columnIndex."""
>     return super(_SparseMatrixCorticalColumnAdapter, self).getRow(columnIndex)
E     AttributeError: 'super' object has no attribute 'getRow'

..\..\..\..\nupic\algorithms\spatial_pooler.py:64: AttributeError
---------------------------- Captured stdout call -----------------------------
New seed generated as: 293 called by run line 601 -> setUp
______________ SpatialPoolerTest.testUpdatePermanencesForColumn _______________

self = <tests.unit.nupic.algorithms.spatial_pooler_unit_test.SpatialPoolerTest testMethod=testUpdatePermanencesForColumn>

    def setUp(self):
    
      self._params = {
        "inputDimensions": [5],
        "columnDimensions": [5],
        "potentialRadius": 5,
        "potentialPct": 0.5,
        "globalInhibition": False,
        "localAreaDensity": -1.0,
        "numActiveColumnsPerInhArea": 3,
        "stimulusThreshold": 0,
        "synPermInactiveDec": 0.01,
        "synPermActiveInc": 0.1,
        "synPermConnected": 0.10,
        "minPctOverlapDutyCycle": 0.1,
        "dutyCyclePeriod": 10,
        "boostStrength": 10.0,
        "seed": getSeed(),
        "spVerbosity": 0
      }
    
>     self._sp = SpatialPooler(**self._params)

spatial_pooler_unit_test.py:76: 
_ _ _ _ _ _ _ _ _ _ _ _ _ _ _ _ _ _ _ _ _ _ _ _ _ _ _ _ _ _ _ _ _ _ _ _ _ _ _ _
..\..\..\..\nupic\algorithms\spatial_pooler.py:370: in __init__
    self._updatePermanencesForColumn(perm, columnIndex, raisePerm=True)
..\..\..\..\nupic\algorithms\spatial_pooler.py:1255: in _updatePermanencesForColumn
    maskPotential = numpy.where(self._potentialPools[columnIndex] > 0)[0]
_ _ _ _ _ _ _ _ _ _ _ _ _ _ _ _ _ _ _ _ _ _ _ _ _ _ _ _ _ _ _ _ _ _ _ _ _ _ _ _

self = <nupic.algorithms.spatial_pooler.BinaryCorticalColumns object at 0x000001B396588620>
columnIndex = 0

    def __getitem__(self, columnIndex):
      """ Wraps getRow() such that instances may be indexed by columnIndex."""
>     return super(_SparseMatrixCorticalColumnAdapter, self).getRow(columnIndex)
E     AttributeError: 'super' object has no attribute 'getRow'

..\..\..\..\nupic\algorithms\spatial_pooler.py:64: AttributeError
---------------------------- Captured stdout call -----------------------------
New seed generated as: 293 called by run line 601 -> setUp
___ SpatialPoolerTest.testZeroOverlap_NoStimulusThreshold_GlobalInhibition ____

self = <tests.unit.nupic.algorithms.spatial_pooler_unit_test.SpatialPoolerTest testMethod=testZeroOverlap_NoStimulusThreshold_GlobalInhibition>

    def setUp(self):
    
      self._params = {
        "inputDimensions": [5],
        "columnDimensions": [5],
        "potentialRadius": 5,
        "potentialPct": 0.5,
        "globalInhibition": False,
        "localAreaDensity": -1.0,
        "numActiveColumnsPerInhArea": 3,
        "stimulusThreshold": 0,
        "synPermInactiveDec": 0.01,
        "synPermActiveInc": 0.1,
        "synPermConnected": 0.10,
        "minPctOverlapDutyCycle": 0.1,
        "dutyCyclePeriod": 10,
        "boostStrength": 10.0,
        "seed": getSeed(),
        "spVerbosity": 0
      }
    
>     self._sp = SpatialPooler(**self._params)

spatial_pooler_unit_test.py:76: 
_ _ _ _ _ _ _ _ _ _ _ _ _ _ _ _ _ _ _ _ _ _ _ _ _ _ _ _ _ _ _ _ _ _ _ _ _ _ _ _
..\..\..\..\nupic\algorithms\spatial_pooler.py:370: in __init__
    self._updatePermanencesForColumn(perm, columnIndex, raisePerm=True)
..\..\..\..\nupic\algorithms\spatial_pooler.py:1255: in _updatePermanencesForColumn
    maskPotential = numpy.where(self._potentialPools[columnIndex] > 0)[0]
_ _ _ _ _ _ _ _ _ _ _ _ _ _ _ _ _ _ _ _ _ _ _ _ _ _ _ _ _ _ _ _ _ _ _ _ _ _ _ _

self = <nupic.algorithms.spatial_pooler.BinaryCorticalColumns object at 0x000001B396588F10>
columnIndex = 0

    def __getitem__(self, columnIndex):
      """ Wraps getRow() such that instances may be indexed by columnIndex."""
>     return super(_SparseMatrixCorticalColumnAdapter, self).getRow(columnIndex)
E     AttributeError: 'super' object has no attribute 'getRow'

..\..\..\..\nupic\algorithms\spatial_pooler.py:64: AttributeError
---------------------------- Captured stdout call -----------------------------
New seed generated as: 294 called by run line 601 -> setUp
____ SpatialPoolerTest.testZeroOverlap_NoStimulusThreshold_LocalInhibition ____

self = <tests.unit.nupic.algorithms.spatial_pooler_unit_test.SpatialPoolerTest testMethod=testZeroOverlap_NoStimulusThreshold_LocalInhibition>

    def setUp(self):
    
      self._params = {
        "inputDimensions": [5],
        "columnDimensions": [5],
        "potentialRadius": 5,
        "potentialPct": 0.5,
        "globalInhibition": False,
        "localAreaDensity": -1.0,
        "numActiveColumnsPerInhArea": 3,
        "stimulusThreshold": 0,
        "synPermInactiveDec": 0.01,
        "synPermActiveInc": 0.1,
        "synPermConnected": 0.10,
        "minPctOverlapDutyCycle": 0.1,
        "dutyCyclePeriod": 10,
        "boostStrength": 10.0,
        "seed": getSeed(),
        "spVerbosity": 0
      }
    
>     self._sp = SpatialPooler(**self._params)

spatial_pooler_unit_test.py:76: 
_ _ _ _ _ _ _ _ _ _ _ _ _ _ _ _ _ _ _ _ _ _ _ _ _ _ _ _ _ _ _ _ _ _ _ _ _ _ _ _
..\..\..\..\nupic\algorithms\spatial_pooler.py:370: in __init__
    self._updatePermanencesForColumn(perm, columnIndex, raisePerm=True)
..\..\..\..\nupic\algorithms\spatial_pooler.py:1255: in _updatePermanencesForColumn
    maskPotential = numpy.where(self._potentialPools[columnIndex] > 0)[0]
_ _ _ _ _ _ _ _ _ _ _ _ _ _ _ _ _ _ _ _ _ _ _ _ _ _ _ _ _ _ _ _ _ _ _ _ _ _ _ _

self = <nupic.algorithms.spatial_pooler.BinaryCorticalColumns object at 0x000001B396588048>
columnIndex = 0

    def __getitem__(self, columnIndex):
      """ Wraps getRow() such that instances may be indexed by columnIndex."""
>     return super(_SparseMatrixCorticalColumnAdapter, self).getRow(columnIndex)
E     AttributeError: 'super' object has no attribute 'getRow'

..\..\..\..\nupic\algorithms\spatial_pooler.py:64: AttributeError
---------------------------- Captured stdout call -----------------------------
New seed generated as: 295 called by run line 601 -> setUp
____ SpatialPoolerTest.testZeroOverlap_StimulusThreshold_GlobalInhibition _____

self = <tests.unit.nupic.algorithms.spatial_pooler_unit_test.SpatialPoolerTest testMethod=testZeroOverlap_StimulusThreshold_GlobalInhibition>

    def setUp(self):
    
      self._params = {
        "inputDimensions": [5],
        "columnDimensions": [5],
        "potentialRadius": 5,
        "potentialPct": 0.5,
        "globalInhibition": False,
        "localAreaDensity": -1.0,
        "numActiveColumnsPerInhArea": 3,
        "stimulusThreshold": 0,
        "synPermInactiveDec": 0.01,
        "synPermActiveInc": 0.1,
        "synPermConnected": 0.10,
        "minPctOverlapDutyCycle": 0.1,
        "dutyCyclePeriod": 10,
        "boostStrength": 10.0,
        "seed": getSeed(),
        "spVerbosity": 0
      }
    
>     self._sp = SpatialPooler(**self._params)

spatial_pooler_unit_test.py:76: 
_ _ _ _ _ _ _ _ _ _ _ _ _ _ _ _ _ _ _ _ _ _ _ _ _ _ _ _ _ _ _ _ _ _ _ _ _ _ _ _
..\..\..\..\nupic\algorithms\spatial_pooler.py:370: in __init__
    self._updatePermanencesForColumn(perm, columnIndex, raisePerm=True)
..\..\..\..\nupic\algorithms\spatial_pooler.py:1255: in _updatePermanencesForColumn
    maskPotential = numpy.where(self._potentialPools[columnIndex] > 0)[0]
_ _ _ _ _ _ _ _ _ _ _ _ _ _ _ _ _ _ _ _ _ _ _ _ _ _ _ _ _ _ _ _ _ _ _ _ _ _ _ _

self = <nupic.algorithms.spatial_pooler.BinaryCorticalColumns object at 0x000001B3965FB518>
columnIndex = 0

    def __getitem__(self, columnIndex):
      """ Wraps getRow() such that instances may be indexed by columnIndex."""
>     return super(_SparseMatrixCorticalColumnAdapter, self).getRow(columnIndex)
E     AttributeError: 'super' object has no attribute 'getRow'

..\..\..\..\nupic\algorithms\spatial_pooler.py:64: AttributeError
---------------------------- Captured stdout call -----------------------------
New seed generated as: 296 called by run line 601 -> setUp
_____ SpatialPoolerTest.testZeroOverlap_StimulusThreshold_LocalInhibition _____

self = <tests.unit.nupic.algorithms.spatial_pooler_unit_test.SpatialPoolerTest testMethod=testZeroOverlap_StimulusThreshold_LocalInhibition>

    def setUp(self):
    
      self._params = {
        "inputDimensions": [5],
        "columnDimensions": [5],
        "potentialRadius": 5,
        "potentialPct": 0.5,
        "globalInhibition": False,
        "localAreaDensity": -1.0,
        "numActiveColumnsPerInhArea": 3,
        "stimulusThreshold": 0,
        "synPermInactiveDec": 0.01,
        "synPermActiveInc": 0.1,
        "synPermConnected": 0.10,
        "minPctOverlapDutyCycle": 0.1,
        "dutyCyclePeriod": 10,
        "boostStrength": 10.0,
        "seed": getSeed(),
        "spVerbosity": 0
      }
    
>     self._sp = SpatialPooler(**self._params)

spatial_pooler_unit_test.py:76: 
_ _ _ _ _ _ _ _ _ _ _ _ _ _ _ _ _ _ _ _ _ _ _ _ _ _ _ _ _ _ _ _ _ _ _ _ _ _ _ _
..\..\..\..\nupic\algorithms\spatial_pooler.py:370: in __init__
    self._updatePermanencesForColumn(perm, columnIndex, raisePerm=True)
..\..\..\..\nupic\algorithms\spatial_pooler.py:1255: in _updatePermanencesForColumn
    maskPotential = numpy.where(self._potentialPools[columnIndex] > 0)[0]
_ _ _ _ _ _ _ _ _ _ _ _ _ _ _ _ _ _ _ _ _ _ _ _ _ _ _ _ _ _ _ _ _ _ _ _ _ _ _ _

self = <nupic.algorithms.spatial_pooler.BinaryCorticalColumns object at 0x000001B396AD2308>
columnIndex = 0

    def __getitem__(self, columnIndex):
      """ Wraps getRow() such that instances may be indexed by columnIndex."""
>     return super(_SparseMatrixCorticalColumnAdapter, self).getRow(columnIndex)
E     AttributeError: 'super' object has no attribute 'getRow'

..\..\..\..\nupic\algorithms\spatial_pooler.py:64: AttributeError
---------------------------- Captured stdout call -----------------------------
New seed generated as: 296 called by run line 601 -> setUp
============= 121 failed, 118 passed, 21 skipped in 9.86 seconds ==============
*** Synapse consistency checking turned on for Cells4 ***
*** Synapse consistency checking turned on for Cells4 ***
*** Synapse consistency checking turned on for Cells4 ***
*** Synapse consistency checking turned on for Cells4 ***
*** Python segment match turned on for Cells4
